Build started 12/6/2013 4:11:25 PM.
     1>Project "E:\Joe LaptopBackUp_11_9_13\Joe\Documents\Documents\Visual Studio 2010\Projects\Connect4\Connect4\Connect4.vcxproj" on node 2 (build target(s)).
     1>InitializeBuildStatus:
         Creating "Debug\Connect4.unsuccessfulbuild" because "AlwaysCreate" was specified.
       ClCompile:
         c:\Program Files (x86)\Microsoft Visual Studio 10.0\VC\bin\CL.exe /c /ZI /nologo /W3 /WX- /Od /Oy- /D WIN32 /D _DEBUG /D _CONSOLE /D _UNICODE /D UNICODE /Gm /EHsc /RTC1 /MDd /GS /fp:precise /Zc:wchar_t /Zc:forScope /Fo"Debug\\" /Fd"Debug\vc100.pdb" /Gd /TP /analyze- /errorReport:prompt Board.cpp MainLoop.cpp
         MainLoop.cpp
     1>e:\joe laptopbackup_11_9_13\joe\documents\documents\visual studio 2010\projects\connect4\connect4\mainloop.cpp(18): warning C4091: 'typedef ' : ignored on left of 'Peice' when no variable is declared
     1>e:\joe laptopbackup_11_9_13\joe\documents\documents\visual studio 2010\projects\connect4\connect4\mainloop.cpp(28): warning C4244: 'argument' : conversion from 'time_t' to 'unsigned int', possible loss of data
         Board.cpp
     1>e:\joe laptopbackup_11_9_13\joe\documents\documents\visual studio 2010\projects\connect4\connect4\board.cpp(129): warning C4553: '==' : operator has no effect; did you intend '='?
         Generating Code...
       ManifestResourceCompile:
         C:\Program Files (x86)\Microsoft SDKs\Windows\v7.0A\bin\rc.exe /nologo /fo"Debug\Connect4.exe.embed.manifest.res" Debug\Connect4_manifest.rc 
       Link:
         c:\Program Files (x86)\Microsoft Visual Studio 10.0\VC\bin\link.exe /ERRORREPORT:PROMPT /OUT:"E:\Joe LaptopBackUp_11_9_13\Joe\Documents\Documents\Visual Studio 2010\Projects\Connect4\Debug\Connect4.exe" /INCREMENTAL /NOLOGO kernel32.lib user32.lib gdi32.lib winspool.lib comdlg32.lib advapi32.lib shell32.lib ole32.lib oleaut32.lib uuid.lib odbc32.lib odbccp32.lib /MANIFEST /ManifestFile:"Debug\Connect4.exe.intermediate.manifest" /MANIFESTUAC:"level='asInvoker' uiAccess='false'" /DEBUG /PDB:"E:\Joe LaptopBackUp_11_9_13\Joe\Documents\Documents\Visual Studio 2010\Projects\Connect4\Debug\Connect4.pdb" /SUBSYSTEM:CONSOLE /TLBID:1 /DYNAMICBASE /NXCOMPAT /IMPLIB:"E:\Joe LaptopBackUp_11_9_13\Joe\Documents\Documents\Visual Studio 2010\Projects\Connect4\Debug\Connect4.lib" /MACHINE:X86 Debug\Connect4.exe.embed.manifest.res
         Debug\Board.obj
         Debug\MainLoop.obj
       Manifest:
         C:\Program Files (x86)\Microsoft SDKs\Windows\v7.0A\bin\mt.exe /nologo /verbose /out:"Debug\Connect4.exe.embed.manifest" /manifest Debug\Connect4.exe.intermediate.manifest
         All outputs are up-to-date.
       LinkEmbedManifest:
         All outputs are up-to-date.
         Connect4.vcxproj -> E:\Joe LaptopBackUp_11_9_13\Joe\Documents\Documents\Visual Studio 2010\Projects\Connect4\Debug\Connect4.exe
       FinalizeBuildStatus:
         Deleting file "Debug\Connect4.unsuccessfulbuild".
         Touching "Debug\Connect4.lastbuildstate".
     1>Done Building Project "E:\Joe LaptopBackUp_11_9_13\Joe\Documents\Documents\Visual Studio 2010\Projects\Connect4\Connect4\Connect4.vcxproj" (build target(s)).

Build succeeded.

Time Elapsed 00:00:06.96
